<?xml version="1.0" encoding="UTF-8"?>
<testng-results skipped="0" failed="0" total="2" passed="2">
  <reporter-output>
  </reporter-output>
  <suite name="Command line suite" duration-ms="807" started-at="2017-08-04T14:30:15Z" finished-at="2017-08-04T14:30:16Z">
    <groups>
    </groups>
    <test name="Command line test" duration-ms="807" started-at="2017-08-04T14:30:15Z" finished-at="2017-08-04T14:30:16Z">
      <class name="com.javapassion.examples.bank.services.AccountServiceTestNGContextTests">
        <test-method status="PASS" signature="springTestContextBeforeTestClass()" name="springTestContextBeforeTestClass" is-config="true" duration-ms="6" started-at="2017-08-04T14:30:15Z" finished-at="2017-08-04T14:30:15Z">
        </test-method>
        <test-method status="PASS" signature="springTestContextPrepareTestInstance()" name="springTestContextPrepareTestInstance" is-config="true" duration-ms="458" started-at="2017-08-04T14:30:15Z" depends-on-methods="org.springframework.test.context.testng.AbstractTestNGSpringContextTests.springTestContextBeforeTestClass" finished-at="2017-08-04T14:30:15Z">
        </test-method>
        <test-method status="PASS" signature="springTestContextBeforeTestMethod(java.lang.reflect.Method)" name="springTestContextBeforeTestMethod" is-config="true" duration-ms="290" started-at="2017-08-04T14:30:15Z" finished-at="2017-08-04T14:30:16Z">
          <params>
            <param index="0">
              <value>
                <![CDATA[public void com.javapassion.examples.bank.services.AccountServiceTestNGContextTests.deposit()]]>
              </value>
            </param>
          </params>
        </test-method>
        <test-method status="PASS" signature="init()" name="init" is-config="true" duration-ms="20" started-at="2017-08-04T14:30:16Z" finished-at="2017-08-04T14:30:16Z">
        </test-method>
        <test-method status="PASS" signature="deposit()" name="deposit" duration-ms="10" started-at="2017-08-04T14:30:16Z" finished-at="2017-08-04T14:30:16Z">
        </test-method>
        <test-method status="PASS" signature="springTestContextAfterTestMethod(java.lang.reflect.Method)" name="springTestContextAfterTestMethod" is-config="true" duration-ms="0" started-at="2017-08-04T14:30:16Z" finished-at="2017-08-04T14:30:16Z">
          <params>
            <param index="0">
              <value>
                <![CDATA[public void com.javapassion.examples.bank.services.AccountServiceTestNGContextTests.deposit()]]>
              </value>
            </param>
          </params>
        </test-method>
        <test-method status="PASS" signature="springTestContextBeforeTestMethod(java.lang.reflect.Method)" name="springTestContextBeforeTestMethod" is-config="true" duration-ms="0" started-at="2017-08-04T14:30:16Z" finished-at="2017-08-04T14:30:16Z">
          <params>
            <param index="0">
              <value>
                <![CDATA[public void com.javapassion.examples.bank.services.AccountServiceTestNGContextTests.withDraw()]]>
              </value>
            </param>
          </params>
        </test-method>
        <test-method status="PASS" signature="init()" name="init" is-config="true" duration-ms="10" started-at="2017-08-04T14:30:16Z" finished-at="2017-08-04T14:30:16Z">
        </test-method>
        <test-method status="PASS" signature="springTestContextAfterTestClass()" name="springTestContextAfterTestClass" is-config="true" duration-ms="0" started-at="2017-08-04T14:30:16Z" finished-at="2017-08-04T14:30:16Z">
        </test-method>
        <test-method status="PASS" signature="withDraw()" name="withDraw" duration-ms="0" started-at="2017-08-04T14:30:16Z" finished-at="2017-08-04T14:30:16Z">
        </test-method>
        <test-method status="PASS" signature="springTestContextAfterTestMethod(java.lang.reflect.Method)" name="springTestContextAfterTestMethod" is-config="true" duration-ms="0" started-at="2017-08-04T14:30:16Z" finished-at="2017-08-04T14:30:16Z">
          <params>
            <param index="0">
              <value>
                <![CDATA[public void com.javapassion.examples.bank.services.AccountServiceTestNGContextTests.withDraw()]]>
              </value>
            </param>
          </params>
        </test-method>
      </class>
    </test>
  </suite>
</testng-results>
